1	12:42:01	Realtime started	
1	12:51:55	Rigid body identification results	Rigid body identification results:  4 successful  0 failed
1	12:51:55	Rigid bodies did not always match definition	When 6D data is calculated from the positions of markers, at least three of the points of a body must be present in a data frame to let QTM calculate the 6D position of the rigid body.  Even if three or more points are present in a frame, sometimes the 6D position is not calculated anyway, because the distances between points do not match the rigid body definition well enough.  This happened now: Body "Pen": in 3 of the 300 frames where at least three points were present  To avoid this, either increase the "Bone length tolerance" parameter, improve the rigidity of the body or correct the definition of the body.
1	12:51:55	File created	
1	12:53:18	File closed	
1	12:53:19	Realtime started	
1	12:54:19	Rigid body identification results	Rigid body identification results:  4 successful  0 failed
1	12:54:19	Rigid bodies did not always match definition	When 6D data is calculated from the positions of markers, at least three of the points of a body must be present in a data frame to let QTM calculate the 6D position of the rigid body.  Even if three or more points are present in a frame, sometimes the 6D position is not calculated anyway, because the distances between points do not match the rigid body definition well enough.  This happened now: Body "Pen": in 3 of the 300 frames where at least three points were present  To avoid this, either increase the "Bone length tolerance" parameter, improve the rigidity of the body or correct the definition of the body.
1	12:54:19	File created	
1	12:54:57	File closed	
1	12:54:58	Realtime started	
1	12:57:55	Rigid body identification results	Rigid body identification results:  4 successful  0 failed
1	12:57:55	File created	
1	12:58:31	File closed	
1	12:58:32	Realtime started	
1	13:10:38	Rigid body identification results	Rigid body identification results:  4 successful  0 failed
1	13:10:38	File created	
1	13:11:01	File closed	
1	13:11:02	Realtime started	
1	13:22:19	Disconnected	
